TN:
SF:C:\Users\Teacher\Desktop\ANDELA\freementor\server/index.js
FNF:0
FNH:0
DA:1,1
DA:2,1
DA:3,1
DA:4,1
DA:5,1
DA:7,1
DA:8,1
DA:10,1
DA:11,1
DA:13,1
DA:14,1
DA:15,1
DA:18,1
DA:20,1
LF:14
LH:14
BRDA:8,0,0,1
BRDA:8,0,1,1
BRF:2
BRH:2
end_of_record
TN:
SF:C:\Users\Teacher\Desktop\ANDELA\freementor\server\controllers/adminController.js
FN:5,changeToMentor
FN:24,(anonymous_7)
FNF:2
FNH:2
FNDA:4,changeToMentor
FNDA:5,(anonymous_7)
DA:1,1
DA:5,4
DA:6,4
DA:7,4
DA:9,4
DA:10,1
DA:16,3
DA:17,1
DA:24,5
DA:25,2
DA:26,1
DA:32,1
DA:33,1
DA:36,1
DA:49,1
LF:15
LH:15
BRDA:9,0,0,1
BRDA:9,0,1,3
BRDA:16,1,0,1
BRDA:16,1,1,2
BRDA:25,2,0,1
BRDA:25,2,1,1
BRF:6
BRH:6
end_of_record
TN:
SF:C:\Users\Teacher\Desktop\ANDELA\freementor\server\controllers/menteeController.js
FN:8,viewMentors
FN:10,(anonymous_7)
FN:11,(anonymous_8)
FN:29,viewSpecificMentor
FN:31,(anonymous_10)
FNF:5
FNH:0
FNDA:0,viewMentors
FNDA:0,(anonymous_7)
FNDA:0,(anonymous_8)
FNDA:0,viewSpecificMentor
FNDA:0,(anonymous_10)
DA:1,1
DA:2,1
DA:3,1
DA:10,0
DA:11,0
DA:13,0
DA:14,0
DA:20,0
DA:21,0
DA:30,0
DA:31,0
DA:33,0
DA:34,0
DA:39,0
DA:40,0
DA:46,0
DA:47,0
DA:57,1
LF:18
LH:4
BRDA:13,0,0,0
BRDA:13,0,1,0
BRDA:20,1,0,0
BRDA:20,1,1,0
BRDA:33,2,0,0
BRDA:33,2,1,0
BRDA:39,3,0,0
BRDA:39,3,1,0
BRDA:46,4,0,0
BRDA:46,4,1,0
BRF:10
BRH:0
end_of_record
TN:
SF:C:\Users\Teacher\Desktop\ANDELA\freementor\server\controllers/sessionController.js
FN:12,bookSession
FN:28,(anonymous_7)
FN:56,acceptSession
FN:76,(anonymous_9)
FN:92,(anonymous_10)
FN:113,rejectSession
FN:133,(anonymous_12)
FN:149,(anonymous_13)
FNF:8
FNH:5
FNDA:4,bookSession
FNDA:7,(anonymous_7)
FNDA:2,acceptSession
FNDA:4,(anonymous_9)
FNDA:1,(anonymous_10)
FNDA:0,rejectSession
FNDA:0,(anonymous_12)
FNDA:0,(anonymous_13)
DA:1,1
DA:2,1
DA:3,1
DA:4,1
DA:5,1
DA:6,1
DA:13,4
DA:15,4
DA:16,4
DA:18,4
DA:19,2
DA:25,2
DA:26,2
DA:28,7
DA:30,2
DA:31,1
DA:36,1
DA:38,1
DA:40,1
DA:42,1
DA:50,1
DA:51,1
DA:56,1
DA:58,2
DA:59,2
DA:60,2
DA:61,2
DA:63,0
DA:69,2
DA:70,0
DA:76,4
DA:78,2
DA:79,1
DA:86,1
DA:92,1
DA:94,1
DA:104,1
DA:113,0
DA:115,0
DA:116,0
DA:117,0
DA:118,0
DA:120,0
DA:126,0
DA:127,0
DA:133,0
DA:135,0
DA:136,0
DA:143,0
DA:149,0
DA:151,0
DA:161,0
DA:173,1
LF:53
LH:36
BRDA:18,0,0,2
BRDA:18,0,1,2
BRDA:30,1,0,1
BRDA:30,1,1,1
BRDA:61,2,0,0
BRDA:61,2,1,2
BRDA:69,3,0,0
BRDA:69,3,1,2
BRDA:78,4,0,1
BRDA:78,4,1,1
BRDA:118,5,0,0
BRDA:118,5,1,0
BRDA:126,6,0,0
BRDA:126,6,1,0
BRDA:135,7,0,0
BRDA:135,7,1,0
BRF:16
BRH:8
end_of_record
TN:
SF:C:\Users\Teacher\Desktop\ANDELA\freementor\server\controllers/userControllers.js
FN:10,SignUp
FN:17,(anonymous_7)
FN:59,SignIn
FN:67,(anonymous_9)
FNF:4
FNH:4
FNDA:5,SignUp
FNDA:4,(anonymous_7)
FNDA:6,SignIn
FNDA:21,(anonymous_9)
DA:1,1
DA:2,1
DA:3,1
DA:4,1
DA:6,1
DA:10,5
DA:11,5
DA:12,5
DA:13,5
DA:14,4
DA:17,4
DA:18,1
DA:20,1
DA:21,1
DA:24,1
DA:26,1
DA:27,1
DA:42,1
DA:43,1
DA:51,0
DA:59,6
DA:61,6
DA:62,6
DA:63,6
DA:64,0
DA:67,21
DA:69,6
DA:70,1
DA:72,5
DA:73,1
DA:81,4
DA:82,4
DA:91,4
DA:108,1
LF:34
LH:32
BRDA:13,0,0,4
BRDA:13,0,1,1
BRDA:18,1,0,1
BRDA:18,1,1,0
BRDA:63,2,0,0
BRDA:63,2,1,6
BRDA:69,3,0,1
BRDA:69,3,1,5
BRDA:72,4,0,1
BRDA:72,4,1,4
BRF:10
BRH:8
end_of_record
TN:
SF:C:\Users\Teacher\Desktop\ANDELA\freementor\server\data/sessions.js
FNF:0
FNH:0
DA:1,1
DA:18,1
LF:2
LH:2
BRF:0
BRH:0
end_of_record
TN:
SF:C:\Users\Teacher\Desktop\ANDELA\freementor\server\data/users.js
FNF:0
FNH:0
DA:1,1
DA:2,1
DA:3,1
DA:4,1
DA:67,1
LF:5
LH:5
BRF:0
BRH:0
end_of_record
TN:
SF:C:\Users\Teacher\Desktop\ANDELA\freementor\server\helpers/bcryptPwd.js
FN:5,hashPassword
FN:10,checkThePassword
FNF:2
FNH:2
FNDA:5,hashPassword
FNDA:5,checkThePassword
DA:1,1
DA:3,1
DA:5,1
DA:6,5
DA:7,5
DA:10,1
DA:11,5
LF:7
LH:7
BRF:0
BRH:0
end_of_record
TN:
SF:C:\Users\Teacher\Desktop\ANDELA\freementor\server\helpers/tokens.js
FN:5,getToken
FN:6,decoded
FNF:2
FNH:2
FNDA:5,getToken
FNDA:3,decoded
DA:1,1
DA:2,1
DA:4,1
DA:5,5
DA:6,1
DA:7,3
DA:8,3
DA:9,3
DA:11,0
DA:15,1
LF:10
LH:9
BRF:0
BRH:0
end_of_record
TN:
SF:C:\Users\Teacher\Desktop\ANDELA\freementor\server\middlewares/tokenValidator.js
FN:6,validateToken
FN:20,(anonymous_2)
FNF:2
FNH:2
FNDA:10,validateToken
FNDA:10,(anonymous_2)
DA:1,1
DA:2,1
DA:3,1
DA:6,1
DA:7,10
DA:8,10
DA:9,0
DA:14,10
DA:16,10
DA:19,10
DA:20,10
DA:21,10
DA:22,0
DA:28,10
DA:29,10
DA:33,0
DA:41,1
LF:17
LH:14
BRDA:7,0,0,10
BRDA:7,0,1,10
BRDA:8,1,0,0
BRDA:8,1,1,10
BRDA:14,2,0,10
BRDA:14,2,1,0
BRDA:19,3,0,10
BRDA:19,3,1,0
BRDA:21,4,0,0
BRDA:21,4,1,10
BRF:10
BRH:6
end_of_record
TN:
SF:C:\Users\Teacher\Desktop\ANDELA\freementor\server\routes/menteeRoute.js
FNF:0
FNH:0
DA:1,1
DA:2,1
DA:9,1
DA:11,1
DA:12,1
DA:14,1
LF:6
LH:6
BRF:0
BRH:0
end_of_record
TN:
SF:C:\Users\Teacher\Desktop\ANDELA\freementor\server\routes/sessionRoute.js
FNF:0
FNH:0
DA:1,1
DA:2,1
DA:3,1
DA:8,1
DA:10,1
DA:11,1
DA:12,1
DA:14,1
LF:8
LH:8
BRF:0
BRH:0
end_of_record
TN:
SF:C:\Users\Teacher\Desktop\ANDELA\freementor\server\routes/userRoute.js
FNF:0
FNH:0
DA:1,1
DA:2,1
DA:3,1
DA:4,1
DA:8,1
DA:10,1
DA:11,1
DA:12,1
DA:14,1
LF:9
LH:9
BRF:0
BRH:0
end_of_record
TN:
SF:C:\Users\Teacher\Desktop\ANDELA\freementor\server\test/sessionsTest.js
FN:8,(anonymous_2)
FN:9,(anonymous_3)
FN:17,(anonymous_4)
FN:23,(anonymous_5)
FN:32,(anonymous_6)
FN:38,(anonymous_7)
FN:46,(anonymous_8)
FN:52,(anonymous_9)
FN:60,(anonymous_10)
FN:67,(anonymous_11)
FN:76,(anonymous_12)
FN:82,(anonymous_13)
FN:90,(anonymous_14)
FN:96,(anonymous_15)
FN:104,(anonymous_16)
FNF:15
FNH:15
FNDA:1,(anonymous_2)
FNDA:1,(anonymous_3)
FNDA:1,(anonymous_4)
FNDA:1,(anonymous_5)
FNDA:1,(anonymous_6)
FNDA:1,(anonymous_7)
FNDA:1,(anonymous_8)
FNDA:1,(anonymous_9)
FNDA:1,(anonymous_10)
FNDA:1,(anonymous_11)
FNDA:1,(anonymous_12)
FNDA:1,(anonymous_13)
FNDA:1,(anonymous_14)
FNDA:1,(anonymous_15)
FNDA:1,(anonymous_16)
DA:1,1
DA:2,1
DA:3,1
DA:4,1
DA:5,1
DA:6,1
DA:8,1
DA:9,1
DA:10,1
DA:14,1
DA:18,1
DA:19,1
DA:23,1
DA:24,1
DA:28,1
DA:33,1
DA:34,1
DA:38,1
DA:39,1
DA:42,1
DA:47,1
DA:48,1
DA:52,1
DA:53,1
DA:56,1
DA:61,1
DA:62,1
DA:67,1
DA:68,1
DA:72,1
DA:77,1
DA:78,1
DA:82,1
DA:83,1
DA:87,1
DA:91,1
DA:92,1
DA:96,1
DA:97,1
DA:101,1
DA:105,1
DA:106,1
LF:42
LH:42
BRF:0
BRH:0
end_of_record
TN:
SF:C:\Users\Teacher\Desktop\ANDELA\freementor\server\test/test.js
FN:9,(anonymous_2)
FN:10,(anonymous_3)
FN:18,(anonymous_4)
FN:25,(anonymous_5)
FN:29,(anonymous_6)
FN:35,(anonymous_7)
FN:43,(anonymous_8)
FN:49,(anonymous_9)
FN:53,(anonymous_10)
FN:60,(anonymous_11)
FN:64,(anonymous_12)
FN:71,(anonymous_13)
FN:75,(anonymous_14)
FNF:13
FNH:13
FNDA:1,(anonymous_2)
FNDA:1,(anonymous_3)
FNDA:1,(anonymous_4)
FNDA:1,(anonymous_5)
FNDA:1,(anonymous_6)
FNDA:1,(anonymous_7)
FNDA:1,(anonymous_8)
FNDA:1,(anonymous_9)
FNDA:1,(anonymous_10)
FNDA:1,(anonymous_11)
FNDA:1,(anonymous_12)
FNDA:1,(anonymous_13)
FNDA:1,(anonymous_14)
DA:1,1
DA:2,1
DA:3,1
DA:4,1
DA:5,1
DA:6,1
DA:9,1
DA:10,1
DA:11,1
DA:15,1
DA:19,1
DA:20,1
DA:25,1
DA:26,1
DA:30,1
DA:31,1
DA:35,1
DA:36,1
DA:40,1
DA:44,1
DA:45,1
DA:49,1
DA:50,1
DA:54,1
DA:55,1
DA:56,1
DA:60,1
DA:61,1
DA:65,1
DA:66,1
DA:67,1
DA:71,1
DA:72,1
DA:76,1
DA:77,1
DA:78,1
LF:36
LH:36
BRF:0
BRH:0
end_of_record
TN:
SF:C:\Users\Teacher\Desktop\ANDELA\freementor\server\test/userTest.js
FN:8,(anonymous_2)
FN:9,(anonymous_3)
FN:19,(anonymous_4)
FN:28,(anonymous_5)
FN:37,(anonymous_6)
FN:44,(anonymous_7)
FN:53,(anonymous_8)
FN:59,(anonymous_9)
FN:68,(anonymous_10)
FN:75,(anonymous_11)
FN:84,(anonymous_12)
FN:91,(anonymous_13)
FN:99,(anonymous_14)
FN:105,(anonymous_15)
FN:113,(anonymous_16)
FN:119,(anonymous_17)
FN:127,(anonymous_18)
FNF:17
FNH:17
FNDA:1,(anonymous_2)
FNDA:1,(anonymous_3)
FNDA:1,(anonymous_4)
FNDA:1,(anonymous_5)
FNDA:1,(anonymous_6)
FNDA:1,(anonymous_7)
FNDA:1,(anonymous_8)
FNDA:1,(anonymous_9)
FNDA:1,(anonymous_10)
FNDA:1,(anonymous_11)
FNDA:1,(anonymous_12)
FNDA:1,(anonymous_13)
FNDA:1,(anonymous_14)
FNDA:1,(anonymous_15)
FNDA:1,(anonymous_16)
FNDA:1,(anonymous_17)
FNDA:1,(anonymous_18)
DA:1,1
DA:2,1
DA:3,1
DA:4,1
DA:5,1
DA:6,1
DA:8,1
DA:9,1
DA:10,1
DA:16,1
DA:20,1
DA:21,1
DA:22,1
DA:23,1
DA:24,1
DA:28,1
DA:29,1
DA:34,1
DA:38,1
DA:40,1
DA:44,1
DA:45,1
DA:50,1
DA:54,1
DA:55,1
DA:59,1
DA:60,1
DA:65,1
DA:69,1
DA:71,1
DA:75,1
DA:76,1
DA:81,1
DA:85,1
DA:86,1
DA:91,1
DA:92,1
DA:96,1
DA:100,1
DA:101,1
DA:105,1
DA:106,1
DA:110,1
DA:114,1
DA:115,1
DA:119,1
DA:120,1
DA:124,1
DA:128,1
DA:129,1
LF:50
LH:50
BRF:0
BRH:0
end_of_record
TN:
SF:C:\Users\Teacher\Desktop\ANDELA\freementor\server\validators/validations.js
FNF:0
FNH:0
DA:1,1
DA:4,1
DA:40,1
LF:3
LH:3
BRF:0
BRH:0
end_of_record
